{"level":"info","message":"Batch jobs initialized successfully","timestamp":"2026-04-25 14:22:20:2220"}
{"email":"admin@gmail.com","ip":"::1","level":"info","message":"User login attempt","timestamp":"2026-04-25 14:23:29:2329"}
{"action":"login","email":"admin@gmail.com","level":"info","message":"Authentication","success":true,"timestamp":"2026-04-25 14:23:30:2330"}
{"action":"login","ip":"::1","level":"info","message":"Authentication","method":"POST","success":true,"timestamp":"2026-04-25 14:23:30:2330","userAgent":"Mozilla/5.0 (Windows NT 10.0; Win64; x64) AppleWebKit/537.36 (KHTML, like Gecko) Chrome/147.0.0.0 Safari/537.36 Edg/147.0.0.0","userId":"admin@gmail.com"}
{"email":"admin@gmail.com","ip":"::1","level":"info","message":"User login attempt","timestamp":"2026-04-25 14:23:55:2355"}
{"action":"login","email":"admin@gmail.com","level":"info","message":"Authentication","success":true,"timestamp":"2026-04-25 14:23:56:2356"}
{"action":"login","ip":"::1","level":"info","message":"Authentication","method":"POST","success":true,"timestamp":"2026-04-25 14:23:56:2356","userAgent":"Mozilla/5.0 (Windows NT 10.0; Win64; x64) AppleWebKit/537.36 (KHTML, like Gecko) Chrome/147.0.0.0 Safari/537.36 Edg/147.0.0.0","userId":"admin@gmail.com"}
{"level":"info","message":"Permission check passed","module":"assets","permission":"list_own","timestamp":"2026-04-25 14:24:06:246","userId":7,"userRole":"admin"}
{"ip":"::1","level":"info","message":"Assets by creator request","query":{},"targetUserId":7,"timestamp":"2026-04-25 14:24:06:246","userId":7}
{"count":5,"level":"info","message":"Assets by creator retrieved","targetUserId":7,"timestamp":"2026-04-25 14:24:07:247","total":0}
{"assetId":"146","ip":"::1","level":"info","message":"Asset update request","timestamp":"2026-04-25 14:24:34:2434","updateData":["form_id","form_responses","created_by","approval_status"],"userId":7}
{"assetId":146,"count":13,"formId":16,"level":"info","message":"Asset form responses saved","timestamp":"2026-04-25 14:24:37:2437"}
{"level":"info","message":"QR code file saved","path":"C:\\Users\\VINCENT\\Desktop\\Temiloluwa\\TheBanckendFiles\\server\\public\\qrcodes\\qrcode_146.png","timestamp":"2026-04-25 14:24:38:2438"}
{"level":"info","message":"Barcode generated successfully","size":43346,"text":"ABJ-HQ-FL1-R4-CE-APPLICATIONSERVERS-0001","timestamp":"2026-04-25 14:24:38:2438","type":"code128"}
{"level":"info","message":"Barcode file saved successfully","path":"C:\\Users\\VINCENT\\Desktop\\Temiloluwa\\TheBanckendFiles\\server\\public\\codes\\asset_146_barcode.png","text":"ABJ-HQ-FL1-R4-CE-APPLICATIONSERVERS-0001","timestamp":"2026-04-25 14:24:38:2438"}
{"level":"info","message":"QR code file saved","path":"C:\\Users\\VINCENT\\Desktop\\Temiloluwa\\TheBanckendFiles\\server\\public\\codes\\asset_146_qrcode.png","timestamp":"2026-04-25 14:24:38:2438"}
{"asset_id":146,"error":"asset.update is not a function","level":"error","message":"Failed to regenerate asset codes","timestamp":"2026-04-25 14:24:39:2439"}
{"asset_id":"146","error":"asset.update is not a function","level":"error","message":"Failed to regenerate asset codes after update","timestamp":"2026-04-25 14:24:39:2439"}
{"action":"asset_updated","assetId":"146","assetTag":"ABJ-HQ-FL1-R4-CE-APPLICATIONSERVERS-0001","level":"info","message":"Business Logic","timestamp":"2026-04-25 14:24:39:2439","updatedFields":["form_id","form_responses","created_by","approval_status"],"userId":7}
{"level":"info","message":"Permission check passed","module":"assets","permission":"list_own","timestamp":"2026-04-25 14:24:53:2453","userId":7,"userRole":"admin"}
{"ip":"::1","level":"info","message":"Assets by creator request","query":{},"targetUserId":7,"timestamp":"2026-04-25 14:24:53:2453","userId":7}
{"count":5,"level":"info","message":"Assets by creator retrieved","targetUserId":7,"timestamp":"2026-04-25 14:24:53:2453","total":0}
{"assetId":"146","ip":"::1","level":"info","message":"Asset update request","timestamp":"2026-04-25 14:25:07:257","updateData":["form_id","form_responses","created_by","approval_status"],"userId":7}
{"assetId":146,"count":13,"formId":16,"level":"info","message":"Asset form responses saved","timestamp":"2026-04-25 14:25:09:259"}
{"level":"info","message":"QR code file saved","path":"C:\\Users\\VINCENT\\Desktop\\Temiloluwa\\TheBanckendFiles\\server\\public\\qrcodes\\qrcode_146.png","timestamp":"2026-04-25 14:25:09:259"}
{"level":"info","message":"Barcode generated successfully","size":40386,"text":"ABJ-HQ-FL1-R4-CE-CORDLESSPHONES-0001","timestamp":"2026-04-25 14:25:09:259","type":"code128"}
{"level":"info","message":"Barcode file saved successfully","path":"C:\\Users\\VINCENT\\Desktop\\Temiloluwa\\TheBanckendFiles\\server\\public\\codes\\asset_146_barcode.png","text":"ABJ-HQ-FL1-R4-CE-CORDLESSPHONES-0001","timestamp":"2026-04-25 14:25:09:259"}
{"level":"info","message":"QR code file saved","path":"C:\\Users\\VINCENT\\Desktop\\Temiloluwa\\TheBanckendFiles\\server\\public\\codes\\asset_146_qrcode.png","timestamp":"2026-04-25 14:25:09:259"}
{"asset_id":146,"error":"asset.update is not a function","level":"error","message":"Failed to regenerate asset codes","timestamp":"2026-04-25 14:25:10:2510"}
{"asset_id":"146","error":"asset.update is not a function","level":"error","message":"Failed to regenerate asset codes after update","timestamp":"2026-04-25 14:25:10:2510"}
{"action":"asset_updated","assetId":"146","assetTag":"ABJ-HQ-FL1-R4-CE-CORDLESSPHONES-0001","level":"info","message":"Business Logic","timestamp":"2026-04-25 14:25:10:2510","updatedFields":["form_id","form_responses","created_by","approval_status"],"userId":7}
{"level":"info","message":"Permission check passed","module":"assets","permission":"list_own","timestamp":"2026-04-25 14:25:22:2522","userId":7,"userRole":"admin"}
{"ip":"::1","level":"info","message":"Assets by creator request","query":{},"targetUserId":7,"timestamp":"2026-04-25 14:25:22:2522","userId":7}
{"count":5,"level":"info","message":"Assets by creator retrieved","targetUserId":7,"timestamp":"2026-04-25 14:25:22:2522","total":0}
{"assetData":{"form_id":16,"form_response_keys":["149","150","151","152","153","154","155","156","157","158","159","160","161"]},"ip":"::1","level":"info","message":"Asset creation request","timestamp":"2026-04-25 14:27:00:270","userId":7}
{"assetId":147,"count":13,"formId":16,"level":"info","message":"Asset form responses saved","timestamp":"2026-04-25 14:27:03:273"}
{"level":"info","message":"Barcode generated successfully","size":30726,"text":"TEL-TEL-TEL-TEL-MEP-DVRS-0001","timestamp":"2026-04-25 14:27:04:274","type":"code128"}
{"level":"info","message":"Barcode file saved successfully","path":"C:\\Users\\VINCENT\\Desktop\\Temiloluwa\\TheBanckendFiles\\server\\public\\codes\\asset_147_barcode.png","text":"TEL-TEL-TEL-TEL-MEP-DVRS-0001","timestamp":"2026-04-25 14:27:04:274"}
{"level":"info","message":"QR code file saved","path":"C:\\Users\\VINCENT\\Desktop\\Temiloluwa\\TheBanckendFiles\\server\\public\\codes\\asset_147_qrcode.png","timestamp":"2026-04-25 14:27:04:274"}
{"error":"Could not find MIME for Buffer <null>","level":"warn","message":"Failed to read organization logo for codesheet","timestamp":"2026-04-25 14:27:05:275"}
{"asset_id":147,"barcodePath":"/codes/asset_147_barcode.png","barcodeTextLength":29,"level":"info","message":"Asset codes generated","qrCodePath":"/codes/asset_147_qrcode.png","sheetPath":"/codes/asset_147_codes.png","timestamp":"2026-04-25 14:27:05:275"}
{"action":"assign","assetId":147,"assetTag":"TEL-TEL-TEL-TEL-MEP-DVRS-0001","assignedToCreator":7,"creatorName":"admin@gmail.com","level":"info","message":"Business Logic","timestamp":"2026-04-25 14:27:05:275","transactionId":80,"userId":7}
{"action":"asset_created","assetId":147,"assetTag":"TEL-TEL-TEL-TEL-MEP-DVRS-0001","level":"info","message":"Business Logic","timestamp":"2026-04-25 14:27:05:275","userId":7}
{"ip":"::1","level":"info","message":"Organization logo get request (public)","timestamp":"2026-04-25 14:32:51:3251"}
{"hasLogo":true,"level":"info","message":"Organization logo retrieved successfully","organizationName":"GEOGID - AsseTrack","timestamp":"2026-04-25 14:32:51:3251"}
{"email":"admin@gmail.com","ip":"::1","level":"info","message":"User login attempt","timestamp":"2026-04-25 14:32:54:3254"}
{"action":"login","email":"admin@gmail.com","level":"info","message":"Authentication","success":true,"timestamp":"2026-04-25 14:32:55:3255"}
{"action":"login","ip":"::1","level":"info","message":"Authentication","method":"POST","success":true,"timestamp":"2026-04-25 14:32:55:3255","userAgent":"Mozilla/5.0 (Windows NT 10.0; Win64; x64) AppleWebKit/537.36 (KHTML, like Gecko) Chrome/147.0.0.0 Safari/537.36 Edg/147.0.0.0","userId":"admin@gmail.com"}
{"ip":"::1","level":"info","message":"Permissions data request","timestamp":"2026-04-25 14:32:55:3255","userId":7}
{"ip":"::1","level":"info","message":"Organization settings get request","timestamp":"2026-04-25 14:32:55:3255","userId":7}
{"ip":"::1","level":"info","message":"Admin dashboard stats request","timestamp":"2026-04-25 14:32:55:3255","userId":7,"userRole":"admin"}
{"level":"info","message":"Organization settings retrieved successfully","organizationName":"GEOGID - AsseTrack","timestamp":"2026-04-25 14:32:55:3255","userId":7}
{"level":"info","message":"Admin dashboard stats retrieved successfully","stats":{"activeUsers":6,"approvedRequests":6,"assignedAssets":0,"availableAssets":6,"inactiveUsers":0,"overdueMaintenance":1,"pendingRequests":0,"recentMaintenanceLogs":[],"rejectedRequests":0,"totalAssets":6,"totalDepartments":0,"totalDocuments":0,"totalRequests":6,"totalSchedules":1,"totalUsers":6,"upcomingMaintenance":0},"timestamp":"2026-04-25 14:32:56:3256","userId":7}
{"ip":"::1","level":"info","message":"Organization settings get request","timestamp":"2026-04-25 14:38:05:385","userId":7}
{"level":"info","message":"Organization settings retrieved successfully","organizationName":"GEOGID - AsseTrack","timestamp":"2026-04-25 14:38:05:385","userId":7}
{"level":"info","message":"Permission check passed","module":"assets","permission":"list_own","timestamp":"2026-04-25 14:39:12:3912","userId":7,"userRole":"admin"}
{"ip":"::1","level":"info","message":"Assets by creator request","query":{},"targetUserId":7,"timestamp":"2026-04-25 14:39:12:3912","userId":7}
{"count":6,"level":"info","message":"Assets by creator retrieved","targetUserId":7,"timestamp":"2026-04-25 14:39:12:3912","total":0}
{"assetData":{"form_id":16,"form_response_keys":["149","150","151","152","153","154","155","156","157","158","159","160","161","162"]},"ip":"::1","level":"info","message":"Asset creation request","timestamp":"2026-04-25 14:39:49:3949","userId":7}
{"assetId":148,"count":14,"formId":16,"level":"info","message":"Asset form responses saved","timestamp":"2026-04-25 14:39:52:3952"}
{"level":"info","message":"Barcode generated successfully","size":66573,"text":"ABJ-ANXM-FL5-STATEABJBUILDINGANXMFLOORFL5-MV-INTERCITYCOACHES-0001","timestamp":"2026-04-25 14:39:53:3953","type":"code128"}
{"level":"info","message":"Barcode file saved successfully","path":"C:\\Users\\VINCENT\\Desktop\\Temiloluwa\\TheBanckendFiles\\server\\public\\codes\\asset_148_barcode.png","text":"ABJ-ANXM-FL5-STATEABJBUILDINGANXMFLOORFL5-MV-INTERCITYCOACHES-0001","timestamp":"2026-04-25 14:39:53:3953"}
{"level":"info","message":"QR code file saved","path":"C:\\Users\\VINCENT\\Desktop\\Temiloluwa\\TheBanckendFiles\\server\\public\\codes\\asset_148_qrcode.png","timestamp":"2026-04-25 14:39:53:3953"}
{"error":"Could not find MIME for Buffer <null>","level":"warn","message":"Failed to read organization logo for codesheet","timestamp":"2026-04-25 14:39:55:3955"}
{"asset_id":148,"barcodePath":"/codes/asset_148_barcode.png","barcodeTextLength":66,"level":"info","message":"Asset codes generated","qrCodePath":"/codes/asset_148_qrcode.png","sheetPath":"/codes/asset_148_codes.png","timestamp":"2026-04-25 14:39:55:3955"}
{"action":"assign","assetId":148,"assetTag":"ABJ-ANXM-FL5-STATEABJBUILDINGANXMFLOORFL5-MV-INTERCITYCOACHES-0001","assignedToCreator":7,"creatorName":"admin@gmail.com","level":"info","message":"Business Logic","timestamp":"2026-04-25 14:39:55:3955","transactionId":81,"userId":7}
{"action":"asset_created","assetId":148,"assetTag":"ABJ-ANXM-FL5-STATEABJBUILDINGANXMFLOORFL5-MV-INTERCITYCOACHES-0001","level":"info","message":"Business Logic","timestamp":"2026-04-25 14:39:55:3955","userId":7}
