{"level":"info","message":"Batch jobs initialized successfully","timestamp":"2026-04-20 14:51:09:519"}
{"ip":"::1","level":"http","message":"Incoming Request","method":"GET","timestamp":"2026-04-20 14:52:44:5244","url":"/api/assets/export","userAgent":"PostmanRuntime/7.53.0","userId":null}
{"ip":"::1","level":"warn","message":"HTTP Request","method":"GET","responseTime":"21ms","statusCode":401,"timestamp":"2026-04-20 14:52:44:5244","url":"/api/assets/export","userId":null}
{"level":"http","message":"::1 - - [20/Apr/2026:13:52:44 +0000] \"GET /api/assets/export HTTP/1.1\" 401 48 \"-\" \"PostmanRuntime/7.53.0\"","timestamp":"2026-04-20 14:52:44:5244"}
{"ip":"::1","level":"http","message":"Incoming Request","method":"POST","timestamp":"2026-04-20 14:52:52:5252","url":"/api/auth/login","userAgent":"PostmanRuntime/7.53.0","userId":null}
{"email":"admin@gmail.com","ip":"::1","level":"info","message":"User login attempt","timestamp":"2026-04-20 14:52:53:5253"}
{"action":"login","email":"admin@gmail.com","level":"warn","message":"Authentication Failed","reason":"","success":false,"timestamp":"2026-04-20 14:52:53:5253","userId":null}
{"action":"login","ip":"::1","level":"warn","message":"Authentication Failed","method":"POST","success":false,"timestamp":"2026-04-20 14:52:53:5253","userAgent":"PostmanRuntime/7.53.0","userId":"admin@gmail.com"}
{"ip":"::1","level":"warn","message":"HTTP Request","method":"POST","responseTime":"353ms","statusCode":500,"timestamp":"2026-04-20 14:52:53:5253","url":"/api/auth/login","userId":null}
{"level":"http","message":"::1 - - [20/Apr/2026:13:52:53 +0000] \"POST /api/auth/login HTTP/1.1\" 500 75 \"-\" \"PostmanRuntime/7.53.0\"","timestamp":"2026-04-20 14:52:53:5253"}
{"ip":"::1","level":"http","message":"Incoming Request","method":"POST","timestamp":"2026-04-20 14:53:24:5324","url":"/api/auth/login","userAgent":"PostmanRuntime/7.53.0","userId":null}
{"email":"admin@gmail.com","ip":"::1","level":"info","message":"User login attempt","timestamp":"2026-04-20 14:53:24:5324"}
{"action":"login","email":"admin@gmail.com","level":"warn","message":"Authentication Failed","reason":"","success":false,"timestamp":"2026-04-20 14:53:24:5324","userId":null}
{"action":"login","ip":"::1","level":"warn","message":"Authentication Failed","method":"POST","success":false,"timestamp":"2026-04-20 14:53:24:5324","userAgent":"PostmanRuntime/7.53.0","userId":"admin@gmail.com"}
{"ip":"::1","level":"warn","message":"HTTP Request","method":"POST","responseTime":"11ms","statusCode":500,"timestamp":"2026-04-20 14:53:24:5324","url":"/api/auth/login","userId":null}
{"level":"http","message":"::1 - - [20/Apr/2026:13:53:24 +0000] \"POST /api/auth/login HTTP/1.1\" 500 75 \"-\" \"PostmanRuntime/7.53.0\"","timestamp":"2026-04-20 14:53:24:5324"}
{"ip":"::1","level":"http","message":"Incoming Request","method":"POST","timestamp":"2026-04-20 14:53:37:5337","url":"/api/auth/login","userAgent":"PostmanRuntime/7.53.0","userId":null}
{"email":"admin@gmail.com","ip":"::1","level":"info","message":"User login attempt","timestamp":"2026-04-20 14:53:37:5337"}
{"action":"login","email":"admin@gmail.com","level":"warn","message":"Authentication Failed","reason":"","success":false,"timestamp":"2026-04-20 14:53:37:5337","userId":null}
{"action":"login","ip":"::1","level":"warn","message":"Authentication Failed","method":"POST","success":false,"timestamp":"2026-04-20 14:53:37:5337","userAgent":"PostmanRuntime/7.53.0","userId":"admin@gmail.com"}
{"ip":"::1","level":"warn","message":"HTTP Request","method":"POST","responseTime":"90ms","statusCode":500,"timestamp":"2026-04-20 14:53:37:5337","url":"/api/auth/login","userId":null}
{"level":"http","message":"::1 - - [20/Apr/2026:13:53:37 +0000] \"POST /api/auth/login HTTP/1.1\" 500 75 \"-\" \"PostmanRuntime/7.53.0\"","timestamp":"2026-04-20 14:53:37:5337"}
{"ip":"::1","level":"http","message":"Incoming Request","method":"POST","timestamp":"2026-04-20 14:53:58:5358","url":"/api/auth/login","userAgent":"PostmanRuntime/7.53.0","userId":null}
{"email":"admin@gmail.com","ip":"::1","level":"info","message":"User login attempt","timestamp":"2026-04-20 14:53:58:5358"}
{"action":"login","email":"admin@gmail.com","level":"info","message":"Authentication","success":true,"timestamp":"2026-04-20 14:53:59:5359"}
{"action":"login","ip":"::1","level":"info","message":"Authentication","method":"POST","success":true,"timestamp":"2026-04-20 14:53:59:5359","userAgent":"PostmanRuntime/7.53.0","userId":"admin@gmail.com"}
{"ip":"::1","level":"http","message":"HTTP Request","method":"POST","responseTime":"774ms","statusCode":200,"timestamp":"2026-04-20 14:53:59:5359","url":"/api/auth/login","userId":null}
{"level":"http","message":"::1 - - [20/Apr/2026:13:53:59 +0000] \"POST /api/auth/login HTTP/1.1\" 200 599 \"-\" \"PostmanRuntime/7.53.0\"","timestamp":"2026-04-20 14:53:59:5359"}
{"ip":"::1","level":"http","message":"Incoming Request","method":"GET","timestamp":"2026-04-20 14:54:18:5418","url":"/api/assets/export","userAgent":"PostmanRuntime/7.53.0","userId":null}
{"ip":"::1","level":"info","message":"Asset export request","timestamp":"2026-04-20 14:54:18:5418","userId":7}
{"assetCount":10,"imageCount":10,"level":"info","message":"Asset export generated","publicPath":"/exports/assets-export-2026-04-20T13-54-21-593Z.zip","skippedImages":0,"timestamp":"2026-04-20 14:54:21:5421","userId":7,"worksheetCount":2}
{"ip":"::1","level":"http","message":"HTTP Request","method":"GET","responseTime":"3578ms","statusCode":200,"timestamp":"2026-04-20 14:54:21:5421","url":"/api/assets/export"}
{"level":"http","message":"::1 - - [20/Apr/2026:13:54:21 +0000] \"GET /api/assets/export HTTP/1.1\" 200 360 \"-\" \"PostmanRuntime/7.53.0\"","timestamp":"2026-04-20 14:54:21:5421"}
{"ip":"::1","level":"http","message":"Incoming Request","method":"GET","timestamp":"2026-04-20 14:55:25:5525","url":"/api/assets/export","userAgent":"PostmanRuntime/7.53.0","userId":null}
{"ip":"::1","level":"info","message":"Asset export request","timestamp":"2026-04-20 14:55:25:5525","userId":7}
{"assetCount":10,"imageCount":10,"level":"info","message":"Asset export generated","publicPath":"/exports/assets-export-2026-04-20T13-55-28-931Z.zip","skippedImages":0,"timestamp":"2026-04-20 14:55:28:5528","userId":7,"worksheetCount":2}
{"ip":"::1","level":"http","message":"HTTP Request","method":"GET","responseTime":"3160ms","statusCode":200,"timestamp":"2026-04-20 14:55:28:5528","url":"/api/assets/export"}
{"level":"http","message":"::1 - - [20/Apr/2026:13:55:28 +0000] \"GET /api/assets/export HTTP/1.1\" 200 360 \"-\" \"PostmanRuntime/7.53.0\"","timestamp":"2026-04-20 14:55:28:5528"}
{"level":"info","message":"Batch jobs initialized successfully","timestamp":"2026-04-20 15:33:57:3357"}
{"ip":"::1","level":"http","message":"Incoming Request","method":"GET","timestamp":"2026-04-20 15:34:42:3442","url":"/api/assets/export/excel","userAgent":"PostmanRuntime/7.53.0","userId":null}
{"ip":"::1","level":"info","message":"Asset Excel export request","timestamp":"2026-04-20 15:34:42:3442","userId":7}
{"assetCount":10,"level":"info","message":"Asset Excel export generated","publicPath":"/exports/assets-export-excel-2026-04-20T14-34-42-658Z.xlsx","timestamp":"2026-04-20 15:34:42:3442","userId":7,"worksheetCount":2}
{"ip":"::1","level":"http","message":"HTTP Request","method":"GET","responseTime":"169ms","statusCode":200,"timestamp":"2026-04-20 15:34:42:3442","url":"/api/assets/export/excel"}
{"level":"http","message":"::1 - - [20/Apr/2026:14:34:42 +0000] \"GET /api/assets/export/excel HTTP/1.1\" 200 351 \"-\" \"PostmanRuntime/7.53.0\"","timestamp":"2026-04-20 15:34:42:3442"}
{"ip":"::1","level":"http","message":"Incoming Request","method":"GET","timestamp":"2026-04-20 15:34:54:3454","url":"/api/assets/export/images","userAgent":"PostmanRuntime/7.53.0","userId":null}
{"ip":"::1","level":"info","message":"Asset images export request","timestamp":"2026-04-20 15:34:54:3454","userId":7}
{"assetCount":10,"imageCount":10,"level":"info","message":"Asset images export generated","publicPath":"/exports/assets-export-images-2026-04-20T14-34-57-353Z.zip","skippedImages":0,"timestamp":"2026-04-20 15:34:57:3457","userId":7}
{"ip":"::1","level":"http","message":"HTTP Request","method":"GET","responseTime":"3148ms","statusCode":200,"timestamp":"2026-04-20 15:34:57:3457","url":"/api/assets/export/images"}
{"level":"http","message":"::1 - - [20/Apr/2026:14:34:57 +0000] \"GET /api/assets/export/images HTTP/1.1\" 200 367 \"-\" \"PostmanRuntime/7.53.0\"","timestamp":"2026-04-20 15:34:57:3457"}
{"level":"info","message":"Batch jobs initialized successfully","timestamp":"2026-04-20 15:44:10:4410"}
{"level":"error","message":"Failed to resume asset export jobs Table 'asset-manager.asset_export_jobs' doesn't exist","stack":"Error\n    at Query.run (C:\\Users\\VINCENT\\Desktop\\Temiloluwa\\TheBanckendFiles\\server\\node_modules\\sequelize\\lib\\dialects\\mysql\\query.js:52:25)\n    at C:\\Users\\VINCENT\\Desktop\\Temiloluwa\\TheBanckendFiles\\server\\node_modules\\sequelize\\lib\\sequelize.js:315:28\n    at process.processTicksAndRejections (node:internal/process/task_queues:105:5)\n    at async MySQLQueryInterface.select (C:\\Users\\VINCENT\\Desktop\\Temiloluwa\\TheBanckendFiles\\server\\node_modules\\sequelize\\lib\\dialects\\abstract\\query-interface.js:407:12)\n    at async AssetExportJob.findAll (C:\\Users\\VINCENT\\Desktop\\Temiloluwa\\TheBanckendFiles\\server\\node_modules\\sequelize\\lib\\model.js:1140:21)\n    at async AssetExportJobService.resumePendingJobs (C:\\Users\\VINCENT\\Desktop\\Temiloluwa\\TheBanckendFiles\\server\\services\\assetExportJobService.js:37:18)","timestamp":"2026-04-20 15:44:11:4411"}
{"level":"info","message":"Batch jobs initialized successfully","timestamp":"2026-04-20 15:44:33:4433"}
{"level":"error","message":"Failed to resume asset export jobs Table 'asset-manager.asset_export_jobs' doesn't exist","stack":"Error\n    at Query.run (C:\\Users\\VINCENT\\Desktop\\Temiloluwa\\TheBanckendFiles\\server\\node_modules\\sequelize\\lib\\dialects\\mysql\\query.js:52:25)\n    at C:\\Users\\VINCENT\\Desktop\\Temiloluwa\\TheBanckendFiles\\server\\node_modules\\sequelize\\lib\\sequelize.js:315:28\n    at process.processTicksAndRejections (node:internal/process/task_queues:105:5)\n    at async MySQLQueryInterface.select (C:\\Users\\VINCENT\\Desktop\\Temiloluwa\\TheBanckendFiles\\server\\node_modules\\sequelize\\lib\\dialects\\abstract\\query-interface.js:407:12)\n    at async AssetExportJob.findAll (C:\\Users\\VINCENT\\Desktop\\Temiloluwa\\TheBanckendFiles\\server\\node_modules\\sequelize\\lib\\model.js:1140:21)\n    at async AssetExportJobService.resumePendingJobs (C:\\Users\\VINCENT\\Desktop\\Temiloluwa\\TheBanckendFiles\\server\\services\\assetExportJobService.js:38:18)","timestamp":"2026-04-20 15:44:33:4433"}
{"level":"info","message":"Received SIGINT, shutting down batch jobs...","timestamp":"2026-04-20 15:45:21:4521"}
{"level":"info","message":"Batch jobs initialized successfully","timestamp":"2026-04-20 15:48:37:4837"}
{"ip":"::1","level":"http","message":"Incoming Request","method":"GET","timestamp":"2026-04-20 15:48:52:4852","url":"/api/assets/export/images","userAgent":"PostmanRuntime/7.53.0","userId":null}
{"ip":"::1","level":"info","message":"Asset images export job request","timestamp":"2026-04-20 15:48:52:4852","userId":7}
{"ip":"::1","level":"http","message":"HTTP Request","method":"GET","responseTime":"63ms","statusCode":202,"timestamp":"2026-04-20 15:48:52:4852","url":"/api/assets/export/images"}
{"level":"http","message":"::1 - - [20/Apr/2026:14:48:52 +0000] \"GET /api/assets/export/images HTTP/1.1\" 202 219 \"-\" \"PostmanRuntime/7.53.0\"","timestamp":"2026-04-20 15:48:52:4852"}
